2018-04-10 17:56:44.387 INFO: 开始从配置文件中选择浏览器
2018-04-10 17:56:44.387 INFO: 所选择的浏览器类型为: Chrome
2018-04-10 17:56:44.387 INFO: 所测试的URL地址为: http://bpms.hotfix.gz.essa
2018-04-10 17:56:50.167 INFO: 正在启动Chrome浏览器
2018-04-10 17:56:51.692 INFO: 窗口最大化
2018-04-10 17:56:55.618 INFO: 打开URL: http://bpms.hotfix.gz.essa
2018-04-10 17:56:55.635 INFO: 设置隐性等待5 秒
2018-04-10 17:56:55.714 INFO: 获取所要读取的文件
2018-04-10 17:56:57.011 INFO: 文件为：.xlsx格式
2018-04-10 17:56:57.045 INFO: 读取文件成功
2018-04-10 17:56:57.392 INFO: 清除文本框中已有字符： //*[@id='username']]
2018-04-10 17:56:57.581 INFO: 输入的字符是：admin
2018-04-10 17:56:57.727 INFO: 清除文本框中已有字符： //*[@id='password']]
2018-04-10 17:56:57.882 INFO: 输入的字符是：essa123
2018-04-10 17:56:57.946 INFO: 点击元素： //*[@id='subBtn']]
2018-04-10 17:57:02.890 INFO: 判断检查点是否存在
2018-04-10 17:57:02.964 INFO: 点击元素： //*[text()='退出']]
2018-04-10 17:57:04.630 INFO: 清除文本框中已有字符： //*[@id='username']]
2018-04-10 17:57:04.822 INFO: 输入的字符是：linrong
2018-04-10 17:57:04.960 INFO: 清除文本框中已有字符： //*[@id='password']]
2018-04-10 17:57:05.162 INFO: 输入的字符是：essa123
2018-04-10 17:57:05.215 INFO: 点击元素： //*[@id='subBtn']]
2018-04-10 17:57:09.716 INFO: 判断检查点是否存在
2018-04-10 17:57:09.767 INFO: 点击元素： //*[text()='退出']]
