2018-04-10 18:25:13.904 INFO: 开始从配置文件中选择浏览器
2018-04-10 18:25:13.908 INFO: 所选择的浏览器类型为: Chrome
2018-04-10 18:25:13.909 INFO: 所测试的URL地址为: http://bpms.hotfix.gz.essa
2018-04-10 18:25:19.731 INFO: 正在启动Chrome浏览器
2018-04-10 18:25:21.294 INFO: 窗口最大化
2018-04-10 18:25:27.893 INFO: 打开URL: http://bpms.hotfix.gz.essa
2018-04-10 18:25:27.901 INFO: 设置隐性等待5 秒
2018-04-10 18:25:28.089 INFO: 获取所要读取的文件
2018-04-10 18:25:29.964 INFO: 文件为：.xlsx格式
2018-04-10 18:25:29.998 INFO: 读取文件成功
2018-04-10 18:25:30.232 INFO: 清除文本框中已有字符： //*[@id='username']]
2018-04-10 18:25:30.431 INFO: 输入的字符是：admin
2018-04-10 18:25:30.596 INFO: 清除文本框中已有字符： //*[@id='password']]
2018-04-10 18:25:30.783 INFO: 输入的字符是：essa123
2018-04-10 18:25:30.863 INFO: 点击元素： //*[@id='subBtn']]
2018-04-10 18:25:36.627 INFO: 判断检查点是否存在
2018-04-10 18:25:36.675 INFO: 点击元素： //*[text()='退出']]
2018-04-10 18:25:38.822 INFO: 清除文本框中已有字符： //*[@id='username']]
2018-04-10 18:25:39.038 INFO: 输入的字符是：linrong
2018-04-10 18:25:39.159 INFO: 清除文本框中已有字符： //*[@id='password']]
2018-04-10 18:25:39.325 INFO: 输入的字符是：essa123
2018-04-10 18:25:39.379 INFO: 点击元素： //*[@id='subBtn']]
2018-04-10 18:25:48.101 INFO: 判断检查点是否存在
2018-04-10 18:25:48.175 INFO: 点击元素： //*[text()='退出']]
