2018-04-10 15:41:01.609 INFO: 开始从配置文件中选择浏览器
2018-04-10 15:41:01.613 INFO: 所选择的浏览器类型为: Chrome
2018-04-10 15:41:01.613 INFO: 所测试的URL地址为: http://bpms.hotfix.gz.essa
2018-04-10 15:41:08.871 INFO: 正在启动Chrome浏览器
2018-04-10 15:41:10.371 INFO: 窗口最大化
2018-04-10 15:41:13.046 INFO: 打开URL: http://bpms.hotfix.gz.essa
2018-04-10 15:41:13.109 INFO: 设置隐性等待5 秒
2018-04-10 15:41:13.206 INFO: 获取所要读取的文件
2018-04-10 15:41:14.652 INFO: 文件为：.xlsx格式
2018-04-10 15:41:14.666 INFO: 读取文件成功
2018-04-10 15:41:14.952 INFO: 清除文本框中已有字符： //*[@id='username']]
2018-04-10 15:41:15.127 INFO: 输入的字符是：admin
2018-04-10 15:41:15.285 INFO: 清除文本框中已有字符： //*[@id='password']]
2018-04-10 15:41:15.433 INFO: 输入的字符是：essa123
2018-04-10 15:41:15.504 INFO: 点击元素： //*[@id='subBtn']]
2018-04-10 15:41:19.096 INFO: 判断检查点是否存在
2018-04-10 15:41:19.148 INFO: 点击元素： //*[text()='退出']]
2018-04-10 15:41:20.743 INFO: 清除文本框中已有字符： //*[@id='username']]
2018-04-10 15:41:20.975 INFO: 输入的字符是：linrong
2018-04-10 15:41:21.084 INFO: 清除文本框中已有字符： //*[@id='password']]
2018-04-10 15:41:21.230 INFO: 输入的字符是：essa123
2018-04-10 15:41:21.289 INFO: 点击元素： //*[@id='subBtn']]
2018-04-10 15:41:24.290 INFO: 判断检查点是否存在
2018-04-10 15:41:24.330 INFO: 点击元素： //*[text()='退出']]
