2018-04-04 18:29:39.581 INFO: 开始从配置文件中选择浏览器
2018-04-04 18:29:39.590 INFO: 所选择的浏览器类型为: Chrome
2018-04-04 18:29:39.590 INFO: 所测试的URL地址为: http://bpms.hotfix.gz.essa
2018-04-04 18:29:44.097 INFO: 正在启动Chrome浏览器
2018-04-04 18:29:45.578 INFO: 窗口最大化
2018-04-04 18:29:48.081 INFO: 打开URL: http://bpms.hotfix.gz.essa
2018-04-04 18:29:48.108 INFO: 设置隐性等待5 秒
2018-04-04 18:29:48.175 INFO: 获取所要读取的文件
2018-04-04 18:29:49.252 INFO: 文件为：.xlsx格式
2018-04-04 18:29:49.268 INFO: 读取文件成功
2018-04-04 18:29:49.528 INFO: 清除文本框中已有字符： //*[@id='username']]
2018-04-04 18:29:49.898 INFO: 输入的字符是：admin
2018-04-04 18:29:50.157 INFO: 清除文本框中已有字符： //*[@id='password']]
2018-04-04 18:29:50.605 INFO: 输入的字符是：essa123
2018-04-04 18:29:50.724 INFO: 点击元素： //*[@id='subBtn']]
2018-04-04 18:29:55.207 INFO: 判断检查点是否存在
2018-04-04 18:29:55.252 INFO: 点击元素： //*[text()='退出']]
2018-04-04 18:29:56.969 INFO: 清除文本框中已有字符： //*[@id='username']]
2018-04-04 18:29:57.122 INFO: 输入的字符是：linrong
2018-04-04 18:29:57.253 INFO: 清除文本框中已有字符： //*[@id='password']]
2018-04-04 18:29:57.389 INFO: 输入的字符是：essa123
2018-04-04 18:29:57.442 INFO: 点击元素： //*[@id='subBtn']]
2018-04-04 18:29:59.977 INFO: 判断检查点是否存在
2018-04-04 18:30:00.021 INFO: 点击元素： //*[text()='退出']]
