2018-04-04 18:22:02.973 INFO: 开始从配置文件中选择浏览器
2018-04-04 18:22:02.973 INFO: 所选择的浏览器类型为: Chrome
2018-04-04 18:22:02.973 INFO: 所测试的URL地址为: http://bpms.hotfix.gz.essa
2018-04-04 18:22:07.567 INFO: 正在启动Chrome浏览器
2018-04-04 18:22:09.061 INFO: 窗口最大化
2018-04-04 18:22:11.419 INFO: 打开URL: http://bpms.hotfix.gz.essa
2018-04-04 18:22:11.433 INFO: 设置隐性等待5 秒
2018-04-04 18:22:11.505 INFO: 获取所要读取的文件
2018-04-04 18:22:12.661 INFO: 文件为：.xlsx格式
2018-04-04 18:22:12.676 INFO: 读取文件成功
2018-04-04 18:22:12.880 INFO: 清除文本框中已有字符： //*[@id='username']]
2018-04-04 18:22:13.072 INFO: 输入的字符是：admin
2018-04-04 18:22:13.203 INFO: 清除文本框中已有字符： //*[@id='password']]
2018-04-04 18:22:13.343 INFO: 输入的字符是：essa123
2018-04-04 18:22:15.888 INFO: 点击元素：
2018-04-04 18:22:16.741 INFO: 判断检查点是否存在
2018-04-04 18:22:17.961 INFO: 点击元素：
2018-04-04 18:22:18.137 INFO: 清除文本框中已有字符： //*[@id='username']]
2018-04-04 18:22:18.300 INFO: 输入的字符是：linrong
2018-04-04 18:22:18.424 INFO: 清除文本框中已有字符： //*[@id='password']]
2018-04-04 18:22:18.573 INFO: 输入的字符是：essa123
2018-04-04 18:22:20.958 INFO: 点击元素：
2018-04-04 18:22:21.494 INFO: 判断检查点是否存在
2018-04-04 18:22:22.537 INFO: 点击元素：
