2018-04-10 15:42:54.513 INFO: 开始从配置文件中选择浏览器
2018-04-10 15:42:54.516 INFO: 所选择的浏览器类型为: Chrome
2018-04-10 15:42:54.516 INFO: 所测试的URL地址为: http://bpms.hotfix.gz.essa
2018-04-10 15:42:59.124 INFO: 正在启动Chrome浏览器
2018-04-10 15:43:00.731 INFO: 窗口最大化
2018-04-10 15:43:03.416 INFO: 打开URL: http://bpms.hotfix.gz.essa
2018-04-10 15:43:03.459 INFO: 设置隐性等待5 秒
2018-04-10 15:43:03.555 INFO: 获取所要读取的文件
2018-04-10 15:43:04.809 INFO: 文件为：.xlsx格式
2018-04-10 15:43:04.822 INFO: 读取文件成功
2018-04-10 15:43:05.022 INFO: 清除文本框中已有字符： //*[@id='username']]
2018-04-10 15:43:05.218 INFO: 输入的字符是：admin
2018-04-10 15:43:05.411 INFO: 清除文本框中已有字符： //*[@id='password']]
2018-04-10 15:43:05.557 INFO: 输入的字符是：essa123
2018-04-10 15:43:05.624 INFO: 点击元素： //*[@id='subBtn']]
2018-04-10 15:43:09.387 INFO: 判断检查点是否存在
2018-04-10 15:43:09.445 INFO: 点击元素： //*[text()='退出']]
2018-04-10 15:43:11.406 INFO: 清除文本框中已有字符： //*[@id='username']]
2018-04-10 15:43:11.571 INFO: 输入的字符是：linrong
2018-04-10 15:43:11.737 INFO: 清除文本框中已有字符： //*[@id='password']]
2018-04-10 15:43:11.884 INFO: 输入的字符是：essa123
2018-04-10 15:43:11.951 INFO: 点击元素： //*[@id='subBtn']]
2018-04-10 15:43:15.366 INFO: 判断检查点是否存在
2018-04-10 15:43:15.426 INFO: 点击元素： //*[text()='退出']]
