2018-04-04 17:29:57.032 INFO: 开始从配置文件中选择浏览器
2018-04-04 17:29:57.032 INFO: 所选择的浏览器类型为: Chrome
2018-04-04 17:29:57.032 INFO: 所测试的URL地址为: http://bpms.hotfix.gz.essa
2018-04-04 17:30:01.505 INFO: 正在启动Chrome浏览器
2018-04-04 17:30:03.032 INFO: 窗口最大化
2018-04-04 17:30:05.808 INFO: 打开URL: http://bpms.hotfix.gz.essa
2018-04-04 17:30:05.857 INFO: 设置隐性等待5 秒
2018-04-04 17:30:05.972 INFO: 获取所要读取的文件
2018-04-04 17:30:07.251 INFO: 文件为：.xlsx格式
2018-04-04 17:30:07.255 INFO: 读取文件成功
2018-04-04 17:30:07.438 INFO: 清除文本框中已有字符： //*[@id='username']]
2018-04-04 17:30:07.631 INFO: 输入的字符是：admin
2018-04-04 17:30:07.744 INFO: 清除文本框中已有字符： //*[@id='password']]
2018-04-04 17:30:07.896 INFO: 输入的字符是：essa123
2018-04-04 17:30:15.235 ERROR: 1.
2018-04-04 17:30:15.329 INFO: 判断检查点是否存在
2018-04-04 17:30:21.626 ERROR: 1.
2018-04-04 17:30:21.954 INFO: 清除文本框中已有字符： //*[@id='username']]
2018-04-04 17:30:22.162 INFO: 输入的字符是：linrong
2018-04-04 17:30:22.413 INFO: 清除文本框中已有字符： //*[@id='password']]
2018-04-04 17:30:22.608 INFO: 输入的字符是：essa123
2018-04-04 17:30:30.282 ERROR: 1.
2018-04-04 17:30:30.329 INFO: 判断检查点是否存在
2018-04-04 17:30:36.485 ERROR: 1.
