2018-04-10 16:08:50.875 INFO: 开始从配置文件中选择浏览器
2018-04-10 16:08:50.879 INFO: 所选择的浏览器类型为: Chrome
2018-04-10 16:08:50.879 INFO: 所测试的URL地址为: http://bpms.hotfix.gz.essa
2018-04-10 16:08:55.660 INFO: 正在启动Chrome浏览器
2018-04-10 16:08:57.142 INFO: 窗口最大化
2018-04-10 16:08:59.424 INFO: 打开URL: http://bpms.hotfix.gz.essa
2018-04-10 16:08:59.447 INFO: 设置隐性等待5 秒
2018-04-10 16:08:59.545 INFO: 获取所要读取的文件
2018-04-10 16:09:00.575 INFO: 文件为：.xlsx格式
2018-04-10 16:09:00.589 INFO: 读取文件成功
2018-04-10 16:09:00.796 INFO: 清除文本框中已有字符： //*[@id='username']]
2018-04-10 16:09:00.974 INFO: 输入的字符是：admin
2018-04-10 16:09:01.113 INFO: 清除文本框中已有字符： //*[@id='password']]
2018-04-10 16:09:01.270 INFO: 输入的字符是：essa123
2018-04-10 16:09:01.330 INFO: 点击元素： //*[@id='subBtn']]
2018-04-10 16:09:04.632 INFO: 判断检查点是否存在
2018-04-10 16:09:04.682 INFO: 点击元素： //*[text()='退出']]
2018-04-10 16:09:05.923 INFO: 清除文本框中已有字符： //*[@id='username']]
2018-04-10 16:09:06.078 INFO: 输入的字符是：linrong
2018-04-10 16:09:06.220 INFO: 清除文本框中已有字符： //*[@id='password']]
2018-04-10 16:09:06.360 INFO: 输入的字符是：essa123
2018-04-10 16:09:06.420 INFO: 点击元素： //*[@id='subBtn']]
2018-04-10 16:09:09.060 INFO: 判断检查点是否存在
2018-04-10 16:09:09.103 INFO: 点击元素： //*[text()='退出']]
