2018-04-10 11:46:26.812 INFO: 开始从配置文件中选择浏览器
2018-04-10 11:46:26.832 INFO: 所选择的浏览器类型为: Chrome
2018-04-10 11:46:26.833 INFO: 所测试的URL地址为: http://bpms.hotfix.gz.essa
2018-04-10 11:46:33.684 INFO: 正在启动Chrome浏览器
2018-04-10 11:46:35.332 INFO: 窗口最大化
2018-04-10 11:46:38.066 INFO: 打开URL: http://bpms.hotfix.gz.essa
2018-04-10 11:46:38.087 INFO: 设置隐性等待5 秒
2018-04-10 11:46:38.330 INFO: 获取所要读取的文件
2018-04-10 11:46:39.784 INFO: 文件为：.xlsx格式
2018-04-10 11:46:39.798 INFO: 读取文件成功
2018-04-10 11:46:40.121 INFO: 清除文本框中已有字符： //*[@id='username']]
2018-04-10 11:46:40.341 INFO: 输入的字符是：admin
2018-04-10 11:46:40.551 INFO: 清除文本框中已有字符： //*[@id='password']]
2018-04-10 11:46:40.679 INFO: 输入的字符是：essa123
2018-04-10 11:46:40.747 INFO: 点击元素： //*[@id='subBtn']]
2018-04-10 11:46:45.183 INFO: 判断检查点是否存在
2018-04-10 11:46:45.234 INFO: 点击元素： //*[text()='退出']]
2018-04-10 11:46:46.921 INFO: 清除文本框中已有字符： //*[@id='username']]
2018-04-10 11:46:47.220 INFO: 输入的字符是：linrong
2018-04-10 11:46:47.353 INFO: 清除文本框中已有字符： //*[@id='password']]
2018-04-10 11:46:47.585 INFO: 输入的字符是：essa123
2018-04-10 11:46:47.643 INFO: 点击元素： //*[@id='subBtn']]
2018-04-10 11:46:50.805 INFO: 判断检查点是否存在
2018-04-10 11:46:50.854 INFO: 点击元素： //*[text()='退出']]
