2018-04-04 18:07:25.164 INFO: 开始从配置文件中选择浏览器
2018-04-04 18:07:25.179 INFO: 所选择的浏览器类型为: Chrome
2018-04-04 18:07:25.179 INFO: 所测试的URL地址为: http://bpms.hotfix.gz.essa
2018-04-04 18:07:30.125 INFO: 正在启动Chrome浏览器
2018-04-04 18:07:31.658 INFO: 窗口最大化
2018-04-04 18:07:34.239 INFO: 打开URL: http://bpms.hotfix.gz.essa
2018-04-04 18:07:34.264 INFO: 设置隐性等待5 秒
2018-04-04 18:07:34.359 INFO: 获取所要读取的文件
2018-04-04 18:07:35.492 INFO: 文件为：.xlsx格式
2018-04-04 18:07:35.508 INFO: 读取文件成功
2018-04-04 18:07:35.738 INFO: 清除文本框中已有字符： //*[@id='username']]
2018-04-04 18:07:35.958 INFO: 输入的字符是：admin
2018-04-04 18:07:36.131 INFO: 清除文本框中已有字符： //*[@id='password']]
2018-04-04 18:07:36.282 INFO: 输入的字符是：essa123
2018-04-04 18:07:44.055 ERROR: 1.
2018-04-04 18:07:44.117 INFO: 判断检查点是否存在
2018-04-04 18:07:50.476 ERROR: 1.
2018-04-04 18:07:50.597 INFO: 清除文本框中已有字符： //*[@id='username']]
2018-04-04 18:07:50.764 INFO: 输入的字符是：linrong
2018-04-04 18:07:50.897 INFO: 清除文本框中已有字符： //*[@id='password']]
2018-04-04 18:07:51.013 INFO: 输入的字符是：essa123
2018-04-04 18:07:58.679 ERROR: 1.
2018-04-04 18:07:58.742 INFO: 判断检查点是否存在
2018-04-04 18:08:05.117 ERROR: 1.
