2018-04-10 18:11:16.428 INFO: 开始从配置文件中选择浏览器
2018-04-10 18:11:16.428 INFO: 所选择的浏览器类型为: Chrome
2018-04-10 18:11:16.428 INFO: 所测试的URL地址为: http://bpms.hotfix.gz.essa
2018-04-10 18:11:21.055 INFO: 正在启动Chrome浏览器
2018-04-10 18:11:22.503 INFO: 窗口最大化
2018-04-10 18:11:25.643 INFO: 打开URL: http://bpms.hotfix.gz.essa
2018-04-10 18:11:25.667 INFO: 设置隐性等待5 秒
2018-04-10 18:11:25.776 INFO: 获取所要读取的文件
2018-04-10 18:11:27.022 INFO: 文件为：.xlsx格式
2018-04-10 18:11:27.053 INFO: 读取文件成功
2018-04-10 18:11:27.299 INFO: 清除文本框中已有字符： //*[@id='username']]
2018-04-10 18:11:27.440 INFO: 输入的字符是：admin
2018-04-10 18:11:27.566 INFO: 清除文本框中已有字符： //*[@id='password']]
2018-04-10 18:11:27.690 INFO: 输入的字符是：essa123
2018-04-10 18:11:27.743 INFO: 点击元素： //*[@id='subBtn']]
2018-04-10 18:11:31.415 INFO: 判断检查点是否存在
2018-04-10 18:11:31.459 INFO: 点击元素： //*[text()='退出']]
2018-04-10 18:11:32.812 INFO: 清除文本框中已有字符： //*[@id='username']]
2018-04-10 18:11:32.956 INFO: 输入的字符是：linrong
2018-04-10 18:11:33.048 INFO: 清除文本框中已有字符： //*[@id='password']]
2018-04-10 18:11:33.169 INFO: 输入的字符是：essa123
2018-04-10 18:11:33.214 INFO: 点击元素： //*[@id='subBtn']]
2018-04-10 18:11:36.652 INFO: 判断检查点是否存在
2018-04-10 18:11:36.694 INFO: 点击元素： //*[text()='退出']]
