2018-04-10 16:13:31.810 INFO: 开始从配置文件中选择浏览器
2018-04-10 16:13:31.817 INFO: 所选择的浏览器类型为: Chrome
2018-04-10 16:13:31.817 INFO: 所测试的URL地址为: http://bpms.hotfix.gz.essa
2018-04-10 16:13:36.357 INFO: 正在启动Chrome浏览器
2018-04-10 16:13:37.841 INFO: 窗口最大化
2018-04-10 16:13:40.030 INFO: 打开URL: http://bpms.hotfix.gz.essa
2018-04-10 16:13:40.050 INFO: 设置隐性等待5 秒
2018-04-10 16:13:40.142 INFO: 获取所要读取的文件
2018-04-10 16:13:41.185 INFO: 文件为：.xlsx格式
2018-04-10 16:13:41.216 INFO: 读取文件成功
2018-04-10 16:13:41.416 INFO: 清除文本框中已有字符： //*[@id='username']]
2018-04-10 16:13:41.584 INFO: 输入的字符是：admin
2018-04-10 16:13:41.717 INFO: 清除文本框中已有字符： //*[@id='password']]
2018-04-10 16:13:41.846 INFO: 输入的字符是：essa123
2018-04-10 16:13:41.906 INFO: 点击元素： //*[@id='subBtn']]
2018-04-10 16:13:45.022 INFO: 判断检查点是否存在
2018-04-10 16:13:45.091 INFO: 点击元素： //*[text()='退出']]
2018-04-10 16:13:46.348 INFO: 清除文本框中已有字符： //*[@id='username']]
2018-04-10 16:13:46.500 INFO: 输入的字符是：linrong
2018-04-10 16:13:46.661 INFO: 清除文本框中已有字符： //*[@id='password']]
2018-04-10 16:13:46.787 INFO: 输入的字符是：essa123
2018-04-10 16:13:46.821 INFO: 点击元素： //*[@id='subBtn']]
2018-04-10 16:13:49.483 INFO: 判断检查点是否存在
2018-04-10 16:13:49.561 INFO: 点击元素： //*[text()='退出']]
