2018-04-10 18:26:41.705 INFO: 开始从配置文件中选择浏览器
2018-04-10 18:26:41.709 INFO: 所选择的浏览器类型为: Chrome
2018-04-10 18:26:41.710 INFO: 所测试的URL地址为: http://bpms.hotfix.gz.essa
2018-04-10 18:26:47.049 INFO: 正在启动Chrome浏览器
2018-04-10 18:26:48.683 INFO: 窗口最大化
2018-04-10 18:26:54.150 INFO: 打开URL: http://bpms.hotfix.gz.essa
2018-04-10 18:26:54.163 INFO: 设置隐性等待5 秒
2018-04-10 18:26:54.269 INFO: 获取所要读取的文件
2018-04-10 18:26:56.317 INFO: 文件为：.xlsx格式
2018-04-10 18:26:56.344 INFO: 读取文件成功
2018-04-10 18:26:56.659 INFO: 清除文本框中已有字符： //*[@id='username']]
2018-04-10 18:26:56.867 INFO: 输入的字符是：admin
2018-04-10 18:26:57.089 INFO: 清除文本框中已有字符： //*[@id='password']]
2018-04-10 18:26:57.424 INFO: 输入的字符是：essa123
2018-04-10 18:26:57.492 INFO: 点击元素： //*[@id='subBtn']]
2018-04-10 18:27:03.492 INFO: 判断检查点是否存在
2018-04-10 18:27:03.579 INFO: 点击元素： //*[text()='退出']]
2018-04-10 18:27:06.532 INFO: 清除文本框中已有字符： //*[@id='username']]
2018-04-10 18:27:06.831 INFO: 输入的字符是：linrong
2018-04-10 18:27:07.431 INFO: 清除文本框中已有字符： //*[@id='password']]
2018-04-10 18:27:07.794 INFO: 输入的字符是：essa123
2018-04-10 18:27:07.880 INFO: 点击元素： //*[@id='subBtn']]
2018-04-10 18:27:12.803 INFO: 判断检查点是否存在
2018-04-10 18:27:12.855 INFO: 点击元素： //*[text()='退出']]
