2018-04-04 18:17:51.287 INFO: 开始从配置文件中选择浏览器
2018-04-04 18:17:51.287 INFO: 所选择的浏览器类型为: Chrome
2018-04-04 18:17:51.287 INFO: 所测试的URL地址为: http://bpms.hotfix.gz.essa
2018-04-04 18:17:56.054 INFO: 正在启动Chrome浏览器
2018-04-04 18:17:57.539 INFO: 窗口最大化
2018-04-04 18:17:59.895 INFO: 打开URL: http://bpms.hotfix.gz.essa
2018-04-04 18:17:59.904 INFO: 设置隐性等待5 秒
2018-04-04 18:17:59.968 INFO: 获取所要读取的文件
2018-04-04 18:18:01.192 INFO: 文件为：.xlsx格式
2018-04-04 18:18:01.197 INFO: 读取文件成功
2018-04-04 18:18:01.403 INFO: 清除文本框中已有字符： //*[@id='username']]
2018-04-04 18:18:01.601 INFO: 输入的字符是：admin
2018-04-04 18:18:01.719 INFO: 清除文本框中已有字符： //*[@id='password']]
2018-04-04 18:18:01.885 INFO: 输入的字符是：essa123
2018-04-04 18:18:09.927 ERROR: 1.
2018-04-04 18:18:09.989 INFO: 判断检查点是否存在
2018-04-04 18:18:16.661 ERROR: 1.
2018-04-04 18:18:16.816 INFO: 清除文本框中已有字符： //*[@id='username']]
2018-04-04 18:18:16.986 INFO: 输入的字符是：linrong
2018-04-04 18:18:17.119 INFO: 清除文本框中已有字符： //*[@id='password']]
2018-04-04 18:18:17.299 INFO: 输入的字符是：essa123
2018-04-04 18:18:24.192 ERROR: 1.
2018-04-04 18:18:24.239 INFO: 判断检查点是否存在
2018-04-04 18:18:30.443 ERROR: 1.
