2018-04-10 16:15:46.528 INFO: 开始从配置文件中选择浏览器
2018-04-10 16:15:46.528 INFO: 所选择的浏览器类型为: Chrome
2018-04-10 16:15:46.528 INFO: 所测试的URL地址为: http://bpms.hotfix.gz.essa
2018-04-10 16:15:51.449 INFO: 正在启动Chrome浏览器
2018-04-10 16:15:52.935 INFO: 窗口最大化
2018-04-10 16:15:55.414 INFO: 打开URL: http://bpms.hotfix.gz.essa
2018-04-10 16:15:55.429 INFO: 设置隐性等待5 秒
2018-04-10 16:15:55.499 INFO: 获取所要读取的文件
2018-04-10 16:15:56.465 INFO: 文件为：.xlsx格式
2018-04-10 16:15:56.481 INFO: 读取文件成功
2018-04-10 16:15:56.681 INFO: 清除文本框中已有字符： //*[@id='username']]
2018-04-10 16:15:56.912 INFO: 输入的字符是：admin
2018-04-10 16:15:57.059 INFO: 清除文本框中已有字符： //*[@id='password']]
2018-04-10 16:15:57.194 INFO: 输入的字符是：essa123
2018-04-10 16:15:57.284 INFO: 点击元素： //*[@id='subBtn']]
2018-04-10 16:16:00.655 INFO: 判断检查点是否存在
2018-04-10 16:16:00.700 INFO: 点击元素： //*[text()='退出']]
2018-04-10 16:16:02.304 INFO: 清除文本框中已有字符： //*[@id='username']]
2018-04-10 16:16:02.570 INFO: 输入的字符是：linrong
2018-04-10 16:16:02.748 INFO: 清除文本框中已有字符： //*[@id='password']]
2018-04-10 16:16:02.893 INFO: 输入的字符是：essa123
2018-04-10 16:16:02.947 INFO: 点击元素： //*[@id='subBtn']]
2018-04-10 16:16:05.745 INFO: 判断检查点是否存在
2018-04-10 16:16:05.795 INFO: 点击元素： //*[text()='退出']]
