2018-04-04 18:28:25.143 INFO: 开始从配置文件中选择浏览器
2018-04-04 18:28:25.143 INFO: 所选择的浏览器类型为: Chrome
2018-04-04 18:28:25.143 INFO: 所测试的URL地址为: http://bpms.hotfix.gz.essa
2018-04-04 18:28:29.737 INFO: 正在启动Chrome浏览器
2018-04-04 18:28:31.255 INFO: 窗口最大化
2018-04-04 18:28:33.778 INFO: 打开URL: http://bpms.hotfix.gz.essa
2018-04-04 18:28:33.801 INFO: 设置隐性等待5 秒
2018-04-04 18:28:33.873 INFO: 获取所要读取的文件
2018-04-04 18:28:34.831 INFO: 文件为：.xlsx格式
2018-04-04 18:28:34.848 INFO: 读取文件成功
2018-04-04 18:28:35.104 INFO: 清除文本框中已有字符： //*[@id='username']]
2018-04-04 18:28:35.211 INFO: 输入的字符是：admin
2018-04-04 18:28:35.393 INFO: 清除文本框中已有字符： //*[@id='password']]
2018-04-04 18:28:35.526 INFO: 输入的字符是：essa123
2018-04-04 18:28:43.581 ERROR: 1.
2018-04-04 18:28:43.659 INFO: 判断检查点是否存在
2018-04-04 18:28:50.768 ERROR: 1.
2018-04-04 18:28:50.974 INFO: 清除文本框中已有字符： //*[@id='username']]
2018-04-04 18:28:51.152 INFO: 输入的字符是：linrong
2018-04-04 18:28:51.279 INFO: 清除文本框中已有字符： //*[@id='password']]
2018-04-04 18:28:51.411 INFO: 输入的字符是：essa123
2018-04-04 18:28:58.956 ERROR: 1.
2018-04-04 18:28:59.019 INFO: 判断检查点是否存在
2018-04-04 18:29:05.096 ERROR: 1.
