2018-04-10 11:52:09.045 INFO: 开始从配置文件中选择浏览器
2018-04-10 11:52:09.051 INFO: 所选择的浏览器类型为: Chrome
2018-04-10 11:52:09.051 INFO: 所测试的URL地址为: http://bpms.hotfix.gz.essa
2018-04-10 11:52:17.495 INFO: 正在启动Chrome浏览器
2018-04-10 11:52:18.986 INFO: 窗口最大化
2018-04-10 11:52:21.976 INFO: 打开URL: http://bpms.hotfix.gz.essa
2018-04-10 11:52:22.008 INFO: 设置隐性等待5 秒
2018-04-10 11:52:22.111 INFO: 获取所要读取的文件
2018-04-10 11:52:23.518 INFO: 文件为：.xlsx格式
2018-04-10 11:52:23.539 INFO: 读取文件成功
2018-04-10 11:52:23.851 INFO: 清除文本框中已有字符： //*[@id='username']]
2018-04-10 11:52:24.393 INFO: 输入的字符是：admin
2018-04-10 11:52:24.523 INFO: 清除文本框中已有字符： //*[@id='password']]
2018-04-10 11:52:24.711 INFO: 输入的字符是：essa123
2018-04-10 11:52:24.786 INFO: 点击元素： //*[@id='subBtn']]
2018-04-10 11:52:28.838 INFO: 判断检查点是否存在
2018-04-10 11:52:28.906 INFO: 点击元素： //*[text()='退出']]
2018-04-10 11:52:30.574 INFO: 清除文本框中已有字符： //*[@id='username']]
2018-04-10 11:52:30.743 INFO: 输入的字符是：linrong
2018-04-10 11:52:30.861 INFO: 清除文本框中已有字符： //*[@id='password']]
2018-04-10 11:52:31.027 INFO: 输入的字符是：essa123
2018-04-10 11:52:31.079 INFO: 点击元素： //*[@id='subBtn']]
2018-04-10 11:52:34.844 INFO: 判断检查点是否存在
2018-04-10 11:52:34.927 INFO: 点击元素： //*[text()='退出']]
