2018-04-10 18:16:17.785 INFO: 开始从配置文件中选择浏览器
2018-04-10 18:16:17.785 INFO: 所选择的浏览器类型为: Chrome
2018-04-10 18:16:17.785 INFO: 所测试的URL地址为: http://bpms.hotfix.gz.essa
2018-04-10 18:16:24.145 INFO: 正在启动Chrome浏览器
2018-04-10 18:16:25.850 INFO: 窗口最大化
2018-04-10 18:16:31.197 INFO: 打开URL: http://bpms.hotfix.gz.essa
2018-04-10 18:16:31.239 INFO: 设置隐性等待5 秒
2018-04-10 18:16:31.333 INFO: 获取所要读取的文件
2018-04-10 18:16:33.457 INFO: 文件为：.xlsx格式
2018-04-10 18:16:33.520 INFO: 读取文件成功
2018-04-10 18:16:33.822 INFO: 清除文本框中已有字符： //*[@id='username']]
2018-04-10 18:16:34.081 INFO: 输入的字符是：admin
2018-04-10 18:16:34.304 INFO: 清除文本框中已有字符： //*[@id='password']]
2018-04-10 18:16:34.535 INFO: 输入的字符是：essa123
2018-04-10 18:16:34.629 INFO: 点击元素： //*[@id='subBtn']]
2018-04-10 18:16:41.802 INFO: 判断检查点是否存在
2018-04-10 18:16:41.895 INFO: 点击元素： //*[text()='退出']]
2018-04-10 18:16:43.959 INFO: 清除文本框中已有字符： //*[@id='username']]
2018-04-10 18:16:44.263 INFO: 输入的字符是：linrong
2018-04-10 18:16:44.528 INFO: 清除文本框中已有字符： //*[@id='password']]
2018-04-10 18:16:44.779 INFO: 输入的字符是：essa123
2018-04-10 18:16:44.879 INFO: 点击元素： //*[@id='subBtn']]
2018-04-10 18:16:50.458 INFO: 判断检查点是否存在
2018-04-10 18:16:50.551 INFO: 点击元素： //*[text()='退出']]
