2018-04-10 18:21:12.472 INFO: 开始从配置文件中选择浏览器
2018-04-10 18:21:12.488 INFO: 所选择的浏览器类型为: Chrome
2018-04-10 18:21:12.503 INFO: 所测试的URL地址为: http://bpms.hotfix.gz.essa
2018-04-10 18:21:16.909 INFO: 正在启动Chrome浏览器
2018-04-10 18:21:18.492 INFO: 窗口最大化
2018-04-10 18:21:22.457 INFO: 打开URL: http://bpms.hotfix.gz.essa
2018-04-10 18:21:22.465 INFO: 设置隐性等待5 秒
2018-04-10 18:21:22.533 INFO: 获取所要读取的文件
2018-04-10 18:21:23.972 INFO: 文件为：.xlsx格式
2018-04-10 18:21:23.987 INFO: 读取文件成功
2018-04-10 18:21:24.188 INFO: 清除文本框中已有字符： //*[@id='username']]
2018-04-10 18:21:24.367 INFO: 输入的字符是：admin
2018-04-10 18:21:24.509 INFO: 清除文本框中已有字符： //*[@id='password']]
2018-04-10 18:21:24.703 INFO: 输入的字符是：essa123
2018-04-10 18:21:24.767 INFO: 点击元素： //*[@id='subBtn']]
2018-04-10 18:21:29.009 INFO: 判断检查点是否存在
2018-04-10 18:21:29.064 INFO: 点击元素： //*[text()='退出']]
2018-04-10 18:21:31.203 INFO: 清除文本框中已有字符： //*[@id='username']]
2018-04-10 18:21:31.423 INFO: 输入的字符是：linrong
2018-04-10 18:21:31.534 INFO: 清除文本框中已有字符： //*[@id='password']]
2018-04-10 18:21:31.773 INFO: 输入的字符是：essa123
2018-04-10 18:21:31.857 INFO: 点击元素： //*[@id='subBtn']]
2018-04-10 18:21:35.160 INFO: 判断检查点是否存在
2018-04-10 18:21:35.203 INFO: 点击元素： //*[text()='退出']]
