2018-04-04 17:40:33.264 INFO: 开始从配置文件中选择浏览器
2018-04-04 17:40:33.264 INFO: 所选择的浏览器类型为: Chrome
2018-04-04 17:40:33.264 INFO: 所测试的URL地址为: http://bpms.hotfix.gz.essa
2018-04-04 17:40:37.858 INFO: 正在启动Chrome浏览器
2018-04-04 17:40:39.370 INFO: 窗口最大化
2018-04-04 17:40:41.876 INFO: 打开URL: http://bpms.hotfix.gz.essa
2018-04-04 17:40:41.888 INFO: 设置隐性等待5 秒
2018-04-04 17:40:41.990 INFO: 获取所要读取的文件
2018-04-04 17:40:43.249 INFO: 文件为：.xlsx格式
2018-04-04 17:40:43.264 INFO: 读取文件成功
2018-04-04 17:40:43.456 INFO: 清除文本框中已有字符： //*[@id='username']]
2018-04-04 17:40:43.651 INFO: 输入的字符是：admin
2018-04-04 17:40:43.788 INFO: 清除文本框中已有字符： //*[@id='password']]
2018-04-04 17:40:43.965 INFO: 输入的字符是：essa123
2018-04-04 17:40:51.827 ERROR: 1.
2018-04-04 17:40:51.920 INFO: 判断检查点是否存在
2018-04-04 17:40:58.155 ERROR: 1.
2018-04-04 17:40:58.300 INFO: 清除文本框中已有字符： //*[@id='username']]
2018-04-04 17:40:58.465 INFO: 输入的字符是：linrong
2018-04-04 17:40:58.583 INFO: 清除文本框中已有字符： //*[@id='password']]
2018-04-04 17:40:58.735 INFO: 输入的字符是：essa123
2018-04-04 17:41:06.217 ERROR: 1.
2018-04-04 17:41:06.296 INFO: 判断检查点是否存在
2018-04-04 17:41:12.685 ERROR: 1.
