2018-04-04 18:02:30.274 INFO: 开始从配置文件中选择浏览器
2018-04-04 18:02:30.290 INFO: 所选择的浏览器类型为: Chrome
2018-04-04 18:02:30.290 INFO: 所测试的URL地址为: http://bpms.hotfix.gz.essa
2018-04-04 18:02:34.212 INFO: 正在启动Chrome浏览器
2018-04-04 18:02:35.688 INFO: 窗口最大化
2018-04-04 18:02:38.118 INFO: 打开URL: http://bpms.hotfix.gz.essa
2018-04-04 18:02:38.137 INFO: 设置隐性等待5 秒
2018-04-04 18:02:38.216 INFO: 获取所要读取的文件
2018-04-04 18:02:39.212 INFO: 文件为：.xlsx格式
2018-04-04 18:02:39.231 INFO: 读取文件成功
2018-04-04 18:02:39.467 INFO: 清除文本框中已有字符： //*[@id='username']]
2018-04-04 18:02:39.711 INFO: 输入的字符是：admin
2018-04-04 18:02:39.833 INFO: 清除文本框中已有字符： //*[@id='password']]
2018-04-04 18:02:40.008 INFO: 输入的字符是：essa123
2018-04-04 18:02:48.181 ERROR: 1.
2018-04-04 18:02:48.243 INFO: 判断检查点是否存在
2018-04-04 18:02:54.447 ERROR: 1.
2018-04-04 18:02:54.641 INFO: 清除文本框中已有字符： //*[@id='username']]
2018-04-04 18:02:54.815 INFO: 输入的字符是：linrong
2018-04-04 18:02:54.927 INFO: 清除文本框中已有字符： //*[@id='password']]
2018-04-04 18:02:55.080 INFO: 输入的字符是：essa123
2018-04-04 18:03:02.619 ERROR: 1.
2018-04-04 18:03:02.666 INFO: 判断检查点是否存在
2018-04-04 18:03:08.806 ERROR: 1.
