2018-04-10 15:46:26.131 INFO: 开始从配置文件中选择浏览器
2018-04-10 15:46:26.134 INFO: 所选择的浏览器类型为: Chrome
2018-04-10 15:46:26.135 INFO: 所测试的URL地址为: http://bpms.hotfix.gz.essa
2018-04-10 15:46:30.921 INFO: 正在启动Chrome浏览器
2018-04-10 15:46:32.374 INFO: 窗口最大化
2018-04-10 15:46:34.565 INFO: 打开URL: http://bpms.hotfix.gz.essa
2018-04-10 15:46:34.585 INFO: 设置隐性等待5 秒
2018-04-10 15:46:34.666 INFO: 获取所要读取的文件
2018-04-10 15:46:35.742 INFO: 文件为：.xlsx格式
2018-04-10 15:46:35.757 INFO: 读取文件成功
2018-04-10 15:46:35.937 INFO: 清除文本框中已有字符： //*[@id='username']]
2018-04-10 15:46:36.119 INFO: 输入的字符是：admin
2018-04-10 15:46:36.264 INFO: 清除文本框中已有字符： //*[@id='password']]
2018-04-10 15:46:36.388 INFO: 输入的字符是：essa123
2018-04-10 15:46:36.447 INFO: 点击元素： //*[@id='subBtn']]
2018-04-10 15:46:39.735 INFO: 判断检查点是否存在
2018-04-10 15:46:39.780 INFO: 点击元素： //*[text()='退出']]
2018-04-10 15:46:41.144 INFO: 清除文本框中已有字符： //*[@id='username']]
2018-04-10 15:46:41.326 INFO: 输入的字符是：linrong
2018-04-10 15:46:41.434 INFO: 清除文本框中已有字符： //*[@id='password']]
2018-04-10 15:46:41.583 INFO: 输入的字符是：essa123
2018-04-10 15:46:41.654 INFO: 点击元素： //*[@id='subBtn']]
2018-04-10 15:46:45.982 INFO: 判断检查点是否存在
2018-04-10 15:46:46.023 INFO: 点击元素： //*[text()='退出']]
